]2;mpsyt








































































































































































































                                                   _         _
       _ __ ___  _ __  ___       _   _  ___  _   _| |_ _   _| |__   ___
      | '_ ` _ \| '_ \/ __|_____| | | |/ _ \| | | | __| | | | '_ \ / _ \
      | | | | | | |_) \__ \_____| |_| | (_) | |_| | |_| |_| | |_) |  __/
      |_| |_| |_| .__/|___/      \__, |\___/ \__,_|\__|\__,_|_.__/ \___|
                |_|              |___/ v0.2.8








Enter /search-term to search or [h]elp                                          









































































































































































































                                                   _         _
       _ __ ___  _ __  ___       _   _  ___  _   _| |_ _   _| |__   ___
      | '_ ` _ \| '_ \/ __|_____| | | |/ _ \| | | | __| | | | '_ \ / _ \
      | | | | | | |_) \__ \_____| |_| | (_) | |_| | |_| |_| | |_) |  __/
      |_| |_| |_| .__/|___/      \__, |\___/ \__,_|\__|\__,_|_.__/ \___|
                |_|              |___/






Searching for 'rain sounds'                                                     










































































































































































































Num  Title                                                             Length
 1   Rain Sounds 10 Hours:The Sound of Rain Meditation,Autogenc Tra  10:01:23
 2   3 HOURS of GENTLE NIGHT RAIN, Rain Sounds to Sleep, Study, Rel   3:01:36
 3   HEAVY RAIN at Night 10 Hours. Heavy Rain sounds for Relaxing,   10:00:35
 4   🔴 Gentle Night RAIN 24/7 for Sleeping, Relaxing, Study, insomn     00:30
 5   "Rain Sounds" with no Music 90mins "Sleep Sounds" ASMR             90:10
 6   30 MINUTES Rain Sounds (no music or thunder), Light Rain for S     30:10
 7   Nature Sounds: Rain Sounds One Hour for Sleeping, Sleep Aid fo     60:40
 8   Relaxing Rain Sounds on a Tin Roof w/ Thunder for Sleep & Rela  10:00:10
 9   8 HOURS Gentle Night Rain for Relaxing, Study, Meditation, ins   8:00:56
10   Relaxing Music & Rain Sounds - Beautiful Piano Music, Backgrou  10:03:15
11   🔴 HEAVY RAIN at Night 24/7, Raining Heavy for Relaxing, Sleep,     00:30
12   Rain Sounds: 2 Hour Relaxing Rain Shower                         2:00:01
13   Go to Sleep with Tropical Rain ⚡ Thunder Sounds - Heavy Rain S     00:30
14   Heavy Thunderstorm Sounds | Relaxing Rain, Thunder & Lightning   4:00:04
15   10 HOURS Gentle Rain Sounds on Window | Calm Rain | Black Scre  10:00:49
16   Relaxing Rain and Thunder Sounds, Fall Asleep Faster, Beat Ins   3:00:01
17   8hrs "Natural Rain Sounds" with of Floating Candles "Get to Sl   8:01:03
18   Cold Rain Sounds Under the Tree in England | Gentle Rainfall f  10:00:01
19   Soothing Rain Sounds Falling Through the Trees in Glastonbury   10:00:01
20   9 hours rain sounds, wind chimes sounds for deep sleep, relaxi   9:00:06

Search results for rain sounds                                            [1/25>










































































































































































































Num  Title                                                             Length
 1   Soothing Rain Sounds Falling Through the Trees in Glastonbury   10:00:01
 2   8 HOURS Gentle Night Rain for Relaxing, Study, Meditation, ins   8:00:56
 3   Cold Rain Sounds Under the Tree in England | Gentle Rainfall f  10:00:01
 4   Rain Sounds 10 Hours:The Sound of Rain Meditation,Autogenc Tra  10:01:23
 5   30 MINUTES Rain Sounds (no music or thunder), Light Rain for S     30:10
 6   9 hours rain sounds, wind chimes sounds for deep sleep, relaxi   9:00:06
 7   🔴 HEAVY RAIN at Night 24/7, Raining Heavy for Relaxing, Sleep,     00:30
 8   Heavy Thunderstorm Sounds | Relaxing Rain, Thunder & Lightning   4:00:04
 9   8hrs "Natural Rain Sounds" with of Floating Candles "Get to Sl   8:01:03
10   🔴 Gentle Night RAIN 24/7 for Sleeping, Relaxing, Study, insomn     00:30
11   Relaxing Music & Rain Sounds - Beautiful Piano Music, Backgrou  10:03:15
12   Relaxing Rain Sounds on a Tin Roof w/ Thunder for Sleep & Rela  10:00:10
13   "Rain Sounds" with no Music 90mins "Sleep Sounds" ASMR             90:10
14   Nature Sounds: Rain Sounds One Hour for Sleeping, Sleep Aid fo     60:40
15   Rain Sounds: 2 Hour Relaxing Rain Shower                         2:00:01
16   3 HOURS of GENTLE NIGHT RAIN, Rain Sounds to Sleep, Study, Rel   3:01:36
17   Go to Sleep with Tropical Rain ⚡ Thunder Sounds - Heavy Rain S     00:30
18   HEAVY RAIN at Night 10 Hours. Heavy Rain sounds for Relaxing,   10:00:35
19   10 HOURS Gentle Rain Sounds on Window | Calm Rain | Black Scre  10:00:49
20   Relaxing Rain and Thunder Sounds, Fall Asleep Faster, Beat Ins   3:00:01

Items shuffled                                                            [1/25>









































































































































































































  Title                                                                  Time
> Soothing Rain Sounds Falling Through the Trees in Glastonbury | Ca 10:00:01
  8 HOURS Gentle Night Rain for Relaxing, Study, Meditation, insomni  8:00:56
  Cold Rain Sounds Under the Tree in England | Gentle Rainfall for R 10:00:01
  Rain Sounds 10 Hours:The Sound of Rain Meditation,Autogenc Trainin 10:01:23
  30 MINUTES Rain Sounds (no music or thunder), Light Rain for Sleep    30:10
  9 hours rain sounds, wind chimes sounds for deep sleep, relaxing s  9:00:06
  🔴 HEAVY RAIN at Night 24/7, Raining Heavy for Relaxing, Sleep, Stu    00:30
  Heavy Thunderstorm Sounds | Relaxing Rain, Thunder & Lightning Amb  4:00:04
  8hrs "Natural Rain Sounds" with of Floating Candles "Get to Sleep   8:01:03
  🔴 Gentle Night RAIN 24/7 for Sleeping, Relaxing, Study, insomnia,     00:30
  Relaxing Music & Rain Sounds - Beautiful Piano Music, Background M 10:03:15
  Relaxing Rain Sounds on a Tin Roof w/ Thunder for Sleep & Relaxati 10:00:10
  "Rain Sounds" with no Music 90mins "Sleep Sounds" ASMR                90:10
  Nature Sounds: Rain Sounds One Hour for Sleeping, Sleep Aid for Ev    60:40
  Rain Sounds: 2 Hour Relaxing Rain Shower                            2:00:01
  3 HOURS of GENTLE NIGHT RAIN, Rain Sounds to Sleep, Study, Relax,   3:01:36
  Go to Sleep with Tropical Rain ⚡ Thunder Sounds - Heavy Rain Sound    00:30
  HEAVY RAIN at Night 10 Hours. Heavy Rain sounds for Relaxing, Slee 10:00:35
  10 HOURS Gentle Rain Sounds on Window | Calm Rain | Black Screen R 10:00:49
  Relaxing Rain and Thunder Sounds, Fall Asleep Faster, Beat Insomni  3:00:01

                                                                     1 of 20
    Soothing Rain Sounds Falling Through the Trees in Glastonbury [10:00:01]
]2;Soothing Rain Sounds Falling Through the Trees in Glastonbury | Calming Sleep Sounds for Relaxing - mpsyt Fetched video info                                                              Getting content length                                                          SXBdDpNfocI; webm 160k; 539 Mb                                                 